
=== Tue Jul  7 09:25:02 2020

Packages were changed.
Update Mode: mergeDefaultDependencies

The following packages were updated:
  com.unity.analytics from version 3.2.2 to 3.3.2
  com.unity.collab-proxy from version 1.2.9 to 1.2.16
  com.unity.package-manager-ui from version 2.1.1 to 2.1.2
  com.unity.purchasing from version 2.0.1 to 2.0.6
  com.unity.textmeshpro from version 1.3.0 to 2.0.0
  com.unity.timeline from version 0.0.0-builtin to 1.0.0

=== Tue Jul  7 10:39:52 2020

Packages were changed.
Update Mode: resetToDefaultDependencies

The following packages were updated:
  com.unity.analytics from version 3.3.5 to 3.3.2
  com.unity.textmeshpro from version 2.0.1 to 2.0.0

=== Tue Jul  7 11:25:54 2020

Packages were changed.
Update Mode: resetToDefaultDependencies

The following packages were updated:
  com.unity.analytics from version 3.3.5 to 3.3.2
  com.unity.textmeshpro from version 2.0.1 to 2.0.0
